Arguments: 
  /Users/giridharan/.nvm/versions/node/v10.16.0/bin/node /usr/local/Cellar/yarn/1.22.4/libexec/bin/yarn.js install

PATH: 
  /Users/giridharan/Downloads/google-cloud-sdk/bin:/Users/giridharan/.nvm/versions/node/v10.16.0/bin:/usr/local/bin:/usr/bin:/bin:/usr/sbin:/sbin:/Users/giridharan/Downloads/google-cloud-sdk/bin:/Users/giridharan/.nvm/versions/node/v10.16.0/bin:/Users/giridharan/bin:/Users/giridharan/bin

Yarn version: 
  1.22.4

Node version: 
  10.16.0

Platform: 
  darwin x64

Trace: 
  Error: read ECONNRESET
      at TLSWrap.onStreamRead (internal/stream_base_commons.js:111:27)

npm manifest: 
  {
    "name": "table-snap",
    "version": "1.0.0",
    "description": "",
    "keywords": [],
    "main": "src/index.tsx",
    "dependencies": {
      "@types/jspdf": "1.3.3",
      "jspdf": "1.5.3",
      "react": "^16.12.0",
      "react-dom": "^16.12.0",
      "react-pdf": "4.1.0",
      "react-scripts": "^3.4.0",
      "string-pixel-width": "^1.10.0"
    },
    "devDependencies": {
      "@types/react": "16.9.19",
      "@types/react-dom": "16.9.5",
      "@types/string-pixel-width": "^1.7.0",
      "typescript": "3.7.5"
    },
    "scripts": {
      "start": "react-scripts start",
      "build": "react-scripts build",
      "test": "react-scripts test --env=jsdom",
      "eject": "react-scripts eject"
    },
    "browserslist": [
      ">0.2%",
      "not dead",
      "not ie <= 11",
      "not op_mini all"
    ]
  }

yarn manifest: 
  No manifest

Lockfile: 
  No lockfile
